<?xml version="1.0" encoding="UTF-8"?>
<testsuite xmlns:xsi="http://www.w3.org/2001/XMLSchema-instance" xsi:noNamespaceSchemaLocation="https://maven.apache.org/surefire/maven-surefire-plugin/xsd/surefire-test-report-3.0.xsd" version="3.0" name="pt.tecnico.testing.client.TestingIT" time="0.033" tests="1" errors="0" skipped="0" failures="0">
  <properties>
    <property name="gopherProxySet" value="false"/>
    <property name="awt.toolkit" value="sun.lwawt.macosx.LWCToolkit"/>
    <property name="java.specification.version" value="11"/>
    <property name="sun.cpu.isalist" value=""/>
    <property name="sun.jnu.encoding" value="UTF-8"/>
    <property name="java.class.path" value="/Users/fvramos/MEOCloud/teaching/SD_LETI/Labs/Aula_gRPC_testing/grpc_testing/client/target/test-classes:/Users/fvramos/MEOCloud/teaching/SD_LETI/Labs/Aula_gRPC_testing/grpc_testing/client/target/classes:/Users/fvramos/.m2/repository/pt/tecnico/testing/C00/contract/1.0.0-SNAPSHOT/contract-1.0.0-SNAPSHOT.jar:/Users/fvramos/.m2/repository/io/grpc/grpc-protobuf/1.28.0/grpc-protobuf-1.28.0.jar:/Users/fvramos/.m2/repository/io/grpc/grpc-api/1.28.0/grpc-api-1.28.0.jar:/Users/fvramos/.m2/repository/io/grpc/grpc-context/1.28.0/grpc-context-1.28.0.jar:/Users/fvramos/.m2/repository/com/google/code/findbugs/jsr305/3.0.2/jsr305-3.0.2.jar:/Users/fvramos/.m2/repository/org/codehaus/mojo/animal-sniffer-annotations/1.18/animal-sniffer-annotations-1.18.jar:/Users/fvramos/.m2/repository/com/google/protobuf/protobuf-java/3.11.0/protobuf-java-3.11.0.jar:/Users/fvramos/.m2/repository/com/google/guava/guava/28.1-android/guava-28.1-android.jar:/Users/fvramos/.m2/repository/com/google/guava/failureaccess/1.0.1/failureaccess-1.0.1.jar:/Users/fvramos/.m2/repository/com/google/guava/listenablefuture/9999.0-empty-to-avoid-conflict-with-guava/listenablefuture-9999.0-empty-to-avoid-conflict-with-guava.jar:/Users/fvramos/.m2/repository/org/checkerframework/checker-compat-qual/2.5.5/checker-compat-qual-2.5.5.jar:/Users/fvramos/.m2/repository/com/google/j2objc/j2objc-annotations/1.3/j2objc-annotations-1.3.jar:/Users/fvramos/.m2/repository/com/google/api/grpc/proto-google-common-protos/1.17.0/proto-google-common-protos-1.17.0.jar:/Users/fvramos/.m2/repository/io/grpc/grpc-protobuf-lite/1.28.0/grpc-protobuf-lite-1.28.0.jar:/Users/fvramos/.m2/repository/io/grpc/grpc-stub/1.28.0/grpc-stub-1.28.0.jar:/Users/fvramos/.m2/repository/io/grpc/grpc-netty-shaded/1.28.0/grpc-netty-shaded-1.28.0.jar:/Users/fvramos/.m2/repository/io/grpc/grpc-core/1.28.0/grpc-core-1.28.0.jar:/Users/fvramos/.m2/repository/com/google/android/annotations/4.1.1.4/annotations-4.1.1.4.jar:/Users/fvramos/.m2/repository/io/perfmark/perfmark-api/0.19.0/perfmark-api-0.19.0.jar:/Users/fvramos/.m2/repository/io/grpc/grpc-testing/1.28.0/grpc-testing-1.28.0.jar:/Users/fvramos/.m2/repository/junit/junit/4.12/junit-4.12.jar:/Users/fvramos/.m2/repository/org/hamcrest/hamcrest-core/1.3/hamcrest-core-1.3.jar:/Users/fvramos/.m2/repository/io/opencensus/opencensus-api/0.24.0/opencensus-api-0.24.0.jar:/Users/fvramos/.m2/repository/com/google/protobuf/protobuf-java-util/3.11.4/protobuf-java-util-3.11.4.jar:/Users/fvramos/.m2/repository/com/google/errorprone/error_prone_annotations/2.3.4/error_prone_annotations-2.3.4.jar:/Users/fvramos/.m2/repository/com/google/code/gson/gson/2.8.6/gson-2.8.6.jar:/Users/fvramos/.m2/repository/javax/annotation/javax.annotation-api/1.3.2/javax.annotation-api-1.3.2.jar:/Users/fvramos/.m2/repository/org/junit/jupiter/junit-jupiter-api/5.6.0/junit-jupiter-api-5.6.0.jar:/Users/fvramos/.m2/repository/org/apiguardian/apiguardian-api/1.1.0/apiguardian-api-1.1.0.jar:/Users/fvramos/.m2/repository/org/opentest4j/opentest4j/1.2.0/opentest4j-1.2.0.jar:/Users/fvramos/.m2/repository/org/junit/platform/junit-platform-commons/1.6.0/junit-platform-commons-1.6.0.jar:/Users/fvramos/.m2/repository/org/junit/jupiter/junit-jupiter-engine/5.6.0/junit-jupiter-engine-5.6.0.jar:/Users/fvramos/.m2/repository/org/junit/platform/junit-platform-engine/1.6.0/junit-platform-engine-1.6.0.jar:"/>
    <property name="java.vm.vendor" value="AdoptOpenJDK"/>
    <property name="sun.arch.data.model" value="64"/>
    <property name="java.vendor.url" value="https://adoptopenjdk.net/"/>
    <property name="user.timezone" value=""/>
    <property name="java.vm.specification.version" value="11"/>
    <property name="os.name" value="Mac OS X"/>
    <property name="sun.java.launcher" value="SUN_STANDARD"/>
    <property name="user.country" value="PT"/>
    <property name="sun.boot.library.path" value="/Library/Java/JavaVirtualMachines/adoptopenjdk-11.jdk/Contents/Home/lib"/>
    <property name="sun.java.command" value="/Users/fvramos/MEOCloud/teaching/SD_LETI/Labs/Aula_gRPC_testing/grpc_testing/client/target/surefire/surefirebooter7230776511138921387.jar /Users/fvramos/MEOCloud/teaching/SD_LETI/Labs/Aula_gRPC_testing/grpc_testing/client/target/surefire 2020-10-20T13-02-50_093-jvmRun1 surefire1292078340833157151tmp surefire_018160757959461686776tmp"/>
    <property name="http.nonProxyHosts" value="local|*.local|169.254/16|*.169.254/16"/>
    <property name="jdk.debug" value="release"/>
    <property name="surefire.test.class.path" value="/Users/fvramos/MEOCloud/teaching/SD_LETI/Labs/Aula_gRPC_testing/grpc_testing/client/target/test-classes:/Users/fvramos/MEOCloud/teaching/SD_LETI/Labs/Aula_gRPC_testing/grpc_testing/client/target/classes:/Users/fvramos/.m2/repository/pt/tecnico/testing/C00/contract/1.0.0-SNAPSHOT/contract-1.0.0-SNAPSHOT.jar:/Users/fvramos/.m2/repository/io/grpc/grpc-protobuf/1.28.0/grpc-protobuf-1.28.0.jar:/Users/fvramos/.m2/repository/io/grpc/grpc-api/1.28.0/grpc-api-1.28.0.jar:/Users/fvramos/.m2/repository/io/grpc/grpc-context/1.28.0/grpc-context-1.28.0.jar:/Users/fvramos/.m2/repository/com/google/code/findbugs/jsr305/3.0.2/jsr305-3.0.2.jar:/Users/fvramos/.m2/repository/org/codehaus/mojo/animal-sniffer-annotations/1.18/animal-sniffer-annotations-1.18.jar:/Users/fvramos/.m2/repository/com/google/protobuf/protobuf-java/3.11.0/protobuf-java-3.11.0.jar:/Users/fvramos/.m2/repository/com/google/guava/guava/28.1-android/guava-28.1-android.jar:/Users/fvramos/.m2/repository/com/google/guava/failureaccess/1.0.1/failureaccess-1.0.1.jar:/Users/fvramos/.m2/repository/com/google/guava/listenablefuture/9999.0-empty-to-avoid-conflict-with-guava/listenablefuture-9999.0-empty-to-avoid-conflict-with-guava.jar:/Users/fvramos/.m2/repository/org/checkerframework/checker-compat-qual/2.5.5/checker-compat-qual-2.5.5.jar:/Users/fvramos/.m2/repository/com/google/j2objc/j2objc-annotations/1.3/j2objc-annotations-1.3.jar:/Users/fvramos/.m2/repository/com/google/api/grpc/proto-google-common-protos/1.17.0/proto-google-common-protos-1.17.0.jar:/Users/fvramos/.m2/repository/io/grpc/grpc-protobuf-lite/1.28.0/grpc-protobuf-lite-1.28.0.jar:/Users/fvramos/.m2/repository/io/grpc/grpc-stub/1.28.0/grpc-stub-1.28.0.jar:/Users/fvramos/.m2/repository/io/grpc/grpc-netty-shaded/1.28.0/grpc-netty-shaded-1.28.0.jar:/Users/fvramos/.m2/repository/io/grpc/grpc-core/1.28.0/grpc-core-1.28.0.jar:/Users/fvramos/.m2/repository/com/google/android/annotations/4.1.1.4/annotations-4.1.1.4.jar:/Users/fvramos/.m2/repository/io/perfmark/perfmark-api/0.19.0/perfmark-api-0.19.0.jar:/Users/fvramos/.m2/repository/io/grpc/grpc-testing/1.28.0/grpc-testing-1.28.0.jar:/Users/fvramos/.m2/repository/junit/junit/4.12/junit-4.12.jar:/Users/fvramos/.m2/repository/org/hamcrest/hamcrest-core/1.3/hamcrest-core-1.3.jar:/Users/fvramos/.m2/repository/io/opencensus/opencensus-api/0.24.0/opencensus-api-0.24.0.jar:/Users/fvramos/.m2/repository/com/google/protobuf/protobuf-java-util/3.11.4/protobuf-java-util-3.11.4.jar:/Users/fvramos/.m2/repository/com/google/errorprone/error_prone_annotations/2.3.4/error_prone_annotations-2.3.4.jar:/Users/fvramos/.m2/repository/com/google/code/gson/gson/2.8.6/gson-2.8.6.jar:/Users/fvramos/.m2/repository/javax/annotation/javax.annotation-api/1.3.2/javax.annotation-api-1.3.2.jar:/Users/fvramos/.m2/repository/org/junit/jupiter/junit-jupiter-api/5.6.0/junit-jupiter-api-5.6.0.jar:/Users/fvramos/.m2/repository/org/apiguardian/apiguardian-api/1.1.0/apiguardian-api-1.1.0.jar:/Users/fvramos/.m2/repository/org/opentest4j/opentest4j/1.2.0/opentest4j-1.2.0.jar:/Users/fvramos/.m2/repository/org/junit/platform/junit-platform-commons/1.6.0/junit-platform-commons-1.6.0.jar:/Users/fvramos/.m2/repository/org/junit/jupiter/junit-jupiter-engine/5.6.0/junit-jupiter-engine-5.6.0.jar:/Users/fvramos/.m2/repository/org/junit/platform/junit-platform-engine/1.6.0/junit-platform-engine-1.6.0.jar:"/>
    <property name="sun.cpu.endian" value="little"/>
    <property name="user.home" value="/Users/fvramos"/>
    <property name="user.language" value="en"/>
    <property name="java.specification.vendor" value="Oracle Corporation"/>
    <property name="java.version.date" value="2020-01-14"/>
    <property name="java.home" value="/Library/Java/JavaVirtualMachines/adoptopenjdk-11.jdk/Contents/Home"/>
    <property name="file.separator" value="/"/>
    <property name="basedir" value="/Users/fvramos/MEOCloud/teaching/SD_LETI/Labs/Aula_gRPC_testing/grpc_testing/client"/>
    <property name="java.vm.compressedOopsMode" value="Zero based"/>
    <property name="line.separator" value="&#10;"/>
    <property name="java.specification.name" value="Java Platform API Specification"/>
    <property name="java.vm.specification.vendor" value="Oracle Corporation"/>
    <property name="java.awt.graphicsenv" value="sun.awt.CGraphicsEnvironment"/>
    <property name="surefire.real.class.path" value="/Users/fvramos/MEOCloud/teaching/SD_LETI/Labs/Aula_gRPC_testing/grpc_testing/client/target/surefire/surefirebooter7230776511138921387.jar"/>
    <property name="sun.management.compiler" value="HotSpot 64-Bit Tiered Compilers"/>
    <property name="ftp.nonProxyHosts" value="local|*.local|169.254/16|*.169.254/16"/>
    <property name="java.runtime.version" value="11.0.6+10"/>
    <property name="user.name" value="fvramos"/>
    <property name="path.separator" value=":"/>
    <property name="os.version" value="10.13.6"/>
    <property name="java.runtime.name" value="OpenJDK Runtime Environment"/>
    <property name="file.encoding" value="UTF-8"/>
    <property name="java.vm.name" value="OpenJDK 64-Bit Server VM"/>
    <property name="java.vendor.version" value="AdoptOpenJDK"/>
    <property name="localRepository" value="/Users/fvramos/.m2/repository"/>
    <property name="java.vendor.url.bug" value="https://github.com/AdoptOpenJDK/openjdk-support/issues"/>
    <property name="java.io.tmpdir" value="/var/folders/g0/yr80t3bn7fs9t73nlv2zn8lm0000gn/T/"/>
    <property name="java.version" value="11.0.6"/>
    <property name="user.dir" value="/Users/fvramos/MEOCloud/teaching/SD_LETI/Labs/Aula_gRPC_testing/grpc_testing/client"/>
    <property name="os.arch" value="x86_64"/>
    <property name="java.vm.specification.name" value="Java Virtual Machine Specification"/>
    <property name="java.awt.printerjob" value="sun.lwawt.macosx.CPrinterJob"/>
    <property name="sun.os.patch.level" value="unknown"/>
    <property name="java.library.path" value="/Users/fvramos/Library/Java/Extensions:/Library/Java/Extensions:/Network/Library/Java/Extensions:/System/Library/Java/Extensions:/usr/lib/java:."/>
    <property name="java.vendor" value="AdoptOpenJDK"/>
    <property name="java.vm.info" value="mixed mode"/>
    <property name="java.vm.version" value="11.0.6+10"/>
    <property name="sun.io.unicode.encoding" value="UnicodeBig"/>
    <property name="java.class.version" value="55.0"/>
    <property name="socksNonProxyHosts" value="local|*.local|169.254/16|*.169.254/16"/>
  </properties>
  <testcase name="test" classname="pt.tecnico.testing.client.TestingIT" time="0.011"/>
</testsuite>